{"/home/runner/work/reStrike_VTA/reStrike_VTA/ui/src/App.tsx": {"path":"/home/runner/work/reStrike_VTA/reStrike_VTA/ui/src/App.tsx","statementMap":{"0":{"start":{"line":4,"column":2},"end":{"line":9,"column":4}}},"fnMap":{"0":{"name":"App","decl":{"start":{"line":3,"column":9},"end":{"line":3,"column":12}},"loc":{"start":{"line":3,"column":15},"end":{"line":10,"column":1}},"line":3}},"branchMap":{},"s":{"0":1},"f":{"0":1},"b":{},"_coverageSchema":"1a1c01bbd47fc00a2c39e90264f33305004495a9","hash":"4cc6ce91ff70bff28cd72730b9e4115c7cb3b15c"}
,"/home/runner/work/reStrike_VTA/reStrike_VTA/ui/src/index.tsx": {"path":"/home/runner/work/reStrike_VTA/reStrike_VTA/ui/src/index.tsx","statementMap":{"0":{"start":{"line":5,"column":13},"end":{"line":7,"column":1}},"1":{"start":{"line":8,"column":0},"end":{"line":8,"column":21}}},"fnMap":{},"branchMap":{},"s":{"0":0,"1":0},"f":{},"b":{}}
,"/home/runner/work/reStrike_VTA/reStrike_VTA/ui/src/components/Overlay.tsx": {"path":"/home/runner/work/reStrike_VTA/reStrike_VTA/ui/src/components/Overlay.tsx","statementMap":{"0":{"start":{"line":4,"column":2},"end":{"line":4,"column":38}}},"fnMap":{"0":{"name":"Overlay","decl":{"start":{"line":3,"column":24},"end":{"line":3,"column":31}},"loc":{"start":{"line":3,"column":34},"end":{"line":5,"column":1}},"line":3}},"branchMap":{},"s":{"0":0},"f":{"0":0},"b":{}}
,"/home/runner/work/reStrike_VTA/reStrike_VTA/ui/src/stores/index.ts": {"path":"/home/runner/work/reStrike_VTA/reStrike_VTA/ui/src/stores/index.ts","statementMap":{},"fnMap":{},"branchMap":{},"s":{},"f":{},"b":{}}
}
